<?xml version="1.0" encoding="UTF-8"?>
<!-- Generated by org.testng.reporters.JUnitReportReporter -->
<testsuite name="com.learnautomation.testcases.AsiteLogin" tests="2" time="5.529" ignored="0" failures="0" timestamp="29 Apr 2023 05:48:36 GMT" skipped="0" hostname="akhatri" errors="0">
  <testcase name="logout" time="0.682" classname="com.learnautomation.testcases.AsiteLogin"/>
  <testcase name="loginApp" time="4.847" classname="com.learnautomation.testcases.AsiteLogin"/>
</testsuite> <!-- com.learnautomation.testcases.AsiteLogin -->
